<?xml version="1.0" encoding="UTF-8"?>
<!-- Generated by org.testng.reporters.JUnitXMLReporter -->
<testsuite ignored="0" hostname="Narendras-MacBook-Pro.local" failures="0" tests="3" name="Default test" time="33.312" errors="0" timestamp="20 Sep 2021 08:34:20 GMT">
  <testcase classname="Scripts.Search" name="SearchWithvalidText" time="5.038"/>
  <testcase classname="Scripts.Search" name="SearchWithInvalidText" time="4.249"/>
  <testcase classname="Scripts.Search" name="SearchWithInvalidnumericvalue" time="8.008"/>
</testsuite> <!-- Default test -->
